-------------------------------------------------------------------------------
Test set: auction.service.ItemFromSellerTest
-------------------------------------------------------------------------------
Tests run: 3, Failures: 0, Errors: 3, Skipped: 0, Time elapsed: 0.432 sec <<< FAILURE!
bidirectionalBidToItem(auction.service.ItemFromSellerTest)  Time elapsed: 0.016 sec  <<< ERROR!
Local Exception Stack: 
Exception [EclipseLink-30005] (Eclipse Persistence Services - 2.5.2.v20140319-9ad6abd): org.eclipse.persistence.exceptions.PersistenceUnitLoadingException
Exception Description: An exception was thrown while searching for persistence archives with ClassLoader: sun.misc.Launcher$AppClassLoader@4aa298b7
Internal Exception: javax.persistence.PersistenceException: Exception [EclipseLink-28018] (Eclipse Persistence Services - 2.5.2.v20140319-9ad6abd): org.eclipse.persistence.exceptions.EntityManagerSetupException
Exception Description: Predeployment of PersistenceUnit [nl.fhict.se42_auction_jar_1.0-SNAPSHOTPU] failed.
Internal Exception: Exception [EclipseLink-7220] (Eclipse Persistence Services - 2.5.2.v20140319-9ad6abd): org.eclipse.persistence.exceptions.ValidationException
Exception Description: The @JoinColumns on the annotated element [field item] from the entity class [class auction.domain.Bid] is incomplete. When the source entity class uses a composite primary key, a @JoinColumn must be specified for each join column using the @JoinColumns. Both the name and the referencedColumnName elements must be specified in each such @JoinColumn.
	at org.eclipse.persistence.exceptions.PersistenceUnitLoadingException.exceptionSearchingForPersistenceResources(PersistenceUnitLoadingException.java:127)
	at org.eclipse.persistence.jpa.PersistenceProvider.createEntityManagerFactoryImpl(PersistenceProvider.java:107)
	at org.eclipse.persistence.jpa.PersistenceProvider.createEntityManagerFactory(PersistenceProvider.java:177)
	at javax.persistence.Persistence.createEntityManagerFactory(Persistence.java:79)
	at javax.persistence.Persistence.createEntityManagerFactory(Persistence.java:54)
	at auction.service.ItemFromSellerTest.<init>(ItemFromSellerTest.java:18)
	at sun.reflect.NativeConstructorAccessorImpl.newInstance0(Native Method)
	at sun.reflect.NativeConstructorAccessorImpl.newInstance(NativeConstructorAccessorImpl.java:62)
	at sun.reflect.DelegatingConstructorAccessorImpl.newInstance(DelegatingConstructorAccessorImpl.java:45)
	at java.lang.reflect.Constructor.newInstance(Constructor.java:423)
	at org.junit.runners.BlockJUnit4ClassRunner.createTest(BlockJUnit4ClassRunner.java:217)
	at org.junit.runners.BlockJUnit4ClassRunner$1.runReflectiveCall(BlockJUnit4ClassRunner.java:266)
	at org.junit.internal.runners.model.ReflectiveCallable.run(ReflectiveCallable.java:12)
	at org.junit.runners.BlockJUnit4ClassRunner.methodBlock(BlockJUnit4ClassRunner.java:263)
	at org.junit.runners.BlockJUnit4ClassRunner.runChild(BlockJUnit4ClassRunner.java:78)
	at org.junit.runners.BlockJUnit4ClassRunner.runChild(BlockJUnit4ClassRunner.java:57)
	at org.junit.runners.ParentRunner$3.run(ParentRunner.java:290)
	at org.junit.runners.ParentRunner$1.schedule(ParentRunner.java:71)
	at org.junit.runners.ParentRunner.runChildren(ParentRunner.java:288)
	at org.junit.runners.ParentRunner.access$000(ParentRunner.java:58)
	at org.junit.runners.ParentRunner$2.evaluate(ParentRunner.java:268)
	at org.junit.runners.ParentRunner.run(ParentRunner.java:363)
	at org.apache.maven.surefire.junit4.JUnit4TestSet.execute(JUnit4TestSet.java:53)
	at org.apache.maven.surefire.junit4.JUnit4Provider.executeTestSet(JUnit4Provider.java:123)
	at org.apache.maven.surefire.junit4.JUnit4Provider.invoke(JUnit4Provider.java:104)
	at sun.reflect.NativeMethodAccessorImpl.invoke0(Native Method)
	at sun.reflect.NativeMethodAccessorImpl.invoke(NativeMethodAccessorImpl.java:62)
	at sun.reflect.DelegatingMethodAccessorImpl.invoke(DelegatingMethodAccessorImpl.java:43)
	at java.lang.reflect.Method.invoke(Method.java:498)
	at org.apache.maven.surefire.util.ReflectionUtils.invokeMethodWithArray(ReflectionUtils.java:164)
	at org.apache.maven.surefire.booter.ProviderFactory$ProviderProxy.invoke(ProviderFactory.java:110)
	at org.apache.maven.surefire.booter.SurefireStarter.invokeProvider(SurefireStarter.java:175)
	at org.apache.maven.surefire.booter.SurefireStarter.runSuitesInProcessWhenForked(SurefireStarter.java:107)
	at org.apache.maven.surefire.booter.ForkedBooter.main(ForkedBooter.java:68)
Caused by: javax.persistence.PersistenceException: Exception [EclipseLink-28018] (Eclipse Persistence Services - 2.5.2.v20140319-9ad6abd): org.eclipse.persistence.exceptions.EntityManagerSetupException
Exception Description: Predeployment of PersistenceUnit [nl.fhict.se42_auction_jar_1.0-SNAPSHOTPU] failed.
Internal Exception: Exception [EclipseLink-7220] (Eclipse Persistence Services - 2.5.2.v20140319-9ad6abd): org.eclipse.persistence.exceptions.ValidationException
Exception Description: The @JoinColumns on the annotated element [field item] from the entity class [class auction.domain.Bid] is incomplete. When the source entity class uses a composite primary key, a @JoinColumn must be specified for each join column using the @JoinColumns. Both the name and the referencedColumnName elements must be specified in each such @JoinColumn.
	at org.eclipse.persistence.internal.jpa.EntityManagerSetupImpl.createPredeployFailedPersistenceException(EntityManagerSetupImpl.java:1954)
	at org.eclipse.persistence.internal.jpa.EntityManagerSetupImpl.predeploy(EntityManagerSetupImpl.java:1945)
	at org.eclipse.persistence.internal.jpa.deployment.JPAInitializer.callPredeploy(JPAInitializer.java:98)
	at org.eclipse.persistence.jpa.PersistenceProvider.createEntityManagerFactoryImpl(PersistenceProvider.java:96)
	... 32 more
Caused by: Exception [EclipseLink-28018] (Eclipse Persistence Services - 2.5.2.v20140319-9ad6abd): org.eclipse.persistence.exceptions.EntityManagerSetupException
Exception Description: Predeployment of PersistenceUnit [nl.fhict.se42_auction_jar_1.0-SNAPSHOTPU] failed.
Internal Exception: Exception [EclipseLink-7220] (Eclipse Persistence Services - 2.5.2.v20140319-9ad6abd): org.eclipse.persistence.exceptions.ValidationException
Exception Description: The @JoinColumns on the annotated element [field item] from the entity class [class auction.domain.Bid] is incomplete. When the source entity class uses a composite primary key, a @JoinColumn must be specified for each join column using the @JoinColumns. Both the name and the referencedColumnName elements must be specified in each such @JoinColumn.
	at org.eclipse.persistence.exceptions.EntityManagerSetupException.predeployFailed(EntityManagerSetupException.java:230)
	... 36 more
Caused by: Exception [EclipseLink-7220] (Eclipse Persistence Services - 2.5.2.v20140319-9ad6abd): org.eclipse.persistence.exceptions.ValidationException
Exception Description: The @JoinColumns on the annotated element [field item] from the entity class [class auction.domain.Bid] is incomplete. When the source entity class uses a composite primary key, a @JoinColumn must be specified for each join column using the @JoinColumns. Both the name and the referencedColumnName elements must be specified in each such @JoinColumn.
	at org.eclipse.persistence.exceptions.ValidationException.incompleteJoinColumnsSpecified(ValidationException.java:1847)
	at org.eclipse.persistence.internal.jpa.metadata.accessors.mappings.MappingAccessor.getJoinColumnsAndValidate(MappingAccessor.java:757)
	at org.eclipse.persistence.internal.jpa.metadata.accessors.mappings.MappingAccessor.getJoinColumns(MappingAccessor.java:657)
	at org.eclipse.persistence.internal.jpa.metadata.accessors.mappings.ObjectAccessor.processForeignKeyRelationship(ObjectAccessor.java:663)
	at org.eclipse.persistence.internal.jpa.metadata.accessors.mappings.ObjectAccessor.processOwningMappingKeys(ObjectAccessor.java:733)
	at org.eclipse.persistence.internal.jpa.metadata.accessors.mappings.OneToOneAccessor.process(OneToOneAccessor.java:161)
	at org.eclipse.persistence.internal.jpa.metadata.MetadataProject.processOwningRelationshipAccessors(MetadataProject.java:1580)
	at org.eclipse.persistence.internal.jpa.metadata.MetadataProject.processStage3(MetadataProject.java:1833)
	at org.eclipse.persistence.internal.jpa.metadata.MetadataProcessor.processORMMetadata(MetadataProcessor.java:580)
	at org.eclipse.persistence.internal.jpa.deployment.PersistenceUnitProcessor.processORMetadata(PersistenceUnitProcessor.java:585)
	at org.eclipse.persistence.internal.jpa.EntityManagerSetupImpl.predeploy(EntityManagerSetupImpl.java:1869)
	... 34 more
numberOfOfferdItems(auction.service.ItemFromSellerTest)  Time elapsed: 0 sec  <<< ERROR!
Local Exception Stack: 
Exception [EclipseLink-30005] (Eclipse Persistence Services - 2.5.2.v20140319-9ad6abd): org.eclipse.persistence.exceptions.PersistenceUnitLoadingException
Exception Description: An exception was thrown while searching for persistence archives with ClassLoader: sun.misc.Launcher$AppClassLoader@4aa298b7
Internal Exception: javax.persistence.PersistenceException: Exception [EclipseLink-28018] (Eclipse Persistence Services - 2.5.2.v20140319-9ad6abd): org.eclipse.persistence.exceptions.EntityManagerSetupException
Exception Description: Predeployment of PersistenceUnit [nl.fhict.se42_auction_jar_1.0-SNAPSHOTPU] failed.
Internal Exception: Exception [EclipseLink-7220] (Eclipse Persistence Services - 2.5.2.v20140319-9ad6abd): org.eclipse.persistence.exceptions.ValidationException
Exception Description: The @JoinColumns on the annotated element [field item] from the entity class [class auction.domain.Bid] is incomplete. When the source entity class uses a composite primary key, a @JoinColumn must be specified for each join column using the @JoinColumns. Both the name and the referencedColumnName elements must be specified in each such @JoinColumn.
	at org.eclipse.persistence.exceptions.PersistenceUnitLoadingException.exceptionSearchingForPersistenceResources(PersistenceUnitLoadingException.java:127)
	at org.eclipse.persistence.jpa.PersistenceProvider.createEntityManagerFactoryImpl(PersistenceProvider.java:107)
	at org.eclipse.persistence.jpa.PersistenceProvider.createEntityManagerFactory(PersistenceProvider.java:177)
	at javax.persistence.Persistence.createEntityManagerFactory(Persistence.java:79)
	at javax.persistence.Persistence.createEntityManagerFactory(Persistence.java:54)
	at auction.service.ItemFromSellerTest.<init>(ItemFromSellerTest.java:18)
	at sun.reflect.NativeConstructorAccessorImpl.newInstance0(Native Method)
	at sun.reflect.NativeConstructorAccessorImpl.newInstance(NativeConstructorAccessorImpl.java:62)
	at sun.reflect.DelegatingConstructorAccessorImpl.newInstance(DelegatingConstructorAccessorImpl.java:45)
	at java.lang.reflect.Constructor.newInstance(Constructor.java:423)
	at org.junit.runners.BlockJUnit4ClassRunner.createTest(BlockJUnit4ClassRunner.java:217)
	at org.junit.runners.BlockJUnit4ClassRunner$1.runReflectiveCall(BlockJUnit4ClassRunner.java:266)
	at org.junit.internal.runners.model.ReflectiveCallable.run(ReflectiveCallable.java:12)
	at org.junit.runners.BlockJUnit4ClassRunner.methodBlock(BlockJUnit4ClassRunner.java:263)
	at org.junit.runners.BlockJUnit4ClassRunner.runChild(BlockJUnit4ClassRunner.java:78)
	at org.junit.runners.BlockJUnit4ClassRunner.runChild(BlockJUnit4ClassRunner.java:57)
	at org.junit.runners.ParentRunner$3.run(ParentRunner.java:290)
	at org.junit.runners.ParentRunner$1.schedule(ParentRunner.java:71)
	at org.junit.runners.ParentRunner.runChildren(ParentRunner.java:288)
	at org.junit.runners.ParentRunner.access$000(ParentRunner.java:58)
	at org.junit.runners.ParentRunner$2.evaluate(ParentRunner.java:268)
	at org.junit.runners.ParentRunner.run(ParentRunner.java:363)
	at org.apache.maven.surefire.junit4.JUnit4TestSet.execute(JUnit4TestSet.java:53)
	at org.apache.maven.surefire.junit4.JUnit4Provider.executeTestSet(JUnit4Provider.java:123)
	at org.apache.maven.surefire.junit4.JUnit4Provider.invoke(JUnit4Provider.java:104)
	at sun.reflect.NativeMethodAccessorImpl.invoke0(Native Method)
	at sun.reflect.NativeMethodAccessorImpl.invoke(NativeMethodAccessorImpl.java:62)
	at sun.reflect.DelegatingMethodAccessorImpl.invoke(DelegatingMethodAccessorImpl.java:43)
	at java.lang.reflect.Method.invoke(Method.java:498)
	at org.apache.maven.surefire.util.ReflectionUtils.invokeMethodWithArray(ReflectionUtils.java:164)
	at org.apache.maven.surefire.booter.ProviderFactory$ProviderProxy.invoke(ProviderFactory.java:110)
	at org.apache.maven.surefire.booter.SurefireStarter.invokeProvider(SurefireStarter.java:175)
	at org.apache.maven.surefire.booter.SurefireStarter.runSuitesInProcessWhenForked(SurefireStarter.java:107)
	at org.apache.maven.surefire.booter.ForkedBooter.main(ForkedBooter.java:68)
Caused by: javax.persistence.PersistenceException: Exception [EclipseLink-28018] (Eclipse Persistence Services - 2.5.2.v20140319-9ad6abd): org.eclipse.persistence.exceptions.EntityManagerSetupException
Exception Description: Predeployment of PersistenceUnit [nl.fhict.se42_auction_jar_1.0-SNAPSHOTPU] failed.
Internal Exception: Exception [EclipseLink-7220] (Eclipse Persistence Services - 2.5.2.v20140319-9ad6abd): org.eclipse.persistence.exceptions.ValidationException
Exception Description: The @JoinColumns on the annotated element [field item] from the entity class [class auction.domain.Bid] is incomplete. When the source entity class uses a composite primary key, a @JoinColumn must be specified for each join column using the @JoinColumns. Both the name and the referencedColumnName elements must be specified in each such @JoinColumn.
	at org.eclipse.persistence.internal.jpa.EntityManagerSetupImpl.createPredeployFailedPersistenceException(EntityManagerSetupImpl.java:1954)
	at org.eclipse.persistence.internal.jpa.EntityManagerSetupImpl.predeploy(EntityManagerSetupImpl.java:1945)
	at org.eclipse.persistence.internal.jpa.deployment.JPAInitializer.callPredeploy(JPAInitializer.java:98)
	at org.eclipse.persistence.jpa.PersistenceProvider.createEntityManagerFactoryImpl(PersistenceProvider.java:96)
	... 32 more
Caused by: Exception [EclipseLink-28018] (Eclipse Persistence Services - 2.5.2.v20140319-9ad6abd): org.eclipse.persistence.exceptions.EntityManagerSetupException
Exception Description: Predeployment of PersistenceUnit [nl.fhict.se42_auction_jar_1.0-SNAPSHOTPU] failed.
Internal Exception: Exception [EclipseLink-7220] (Eclipse Persistence Services - 2.5.2.v20140319-9ad6abd): org.eclipse.persistence.exceptions.ValidationException
Exception Description: The @JoinColumns on the annotated element [field item] from the entity class [class auction.domain.Bid] is incomplete. When the source entity class uses a composite primary key, a @JoinColumn must be specified for each join column using the @JoinColumns. Both the name and the referencedColumnName elements must be specified in each such @JoinColumn.
	at org.eclipse.persistence.exceptions.EntityManagerSetupException.predeployFailed(EntityManagerSetupException.java:230)
	... 36 more
Caused by: Exception [EclipseLink-7220] (Eclipse Persistence Services - 2.5.2.v20140319-9ad6abd): org.eclipse.persistence.exceptions.ValidationException
Exception Description: The @JoinColumns on the annotated element [field item] from the entity class [class auction.domain.Bid] is incomplete. When the source entity class uses a composite primary key, a @JoinColumn must be specified for each join column using the @JoinColumns. Both the name and the referencedColumnName elements must be specified in each such @JoinColumn.
	at org.eclipse.persistence.exceptions.ValidationException.incompleteJoinColumnsSpecified(ValidationException.java:1847)
	at org.eclipse.persistence.internal.jpa.metadata.accessors.mappings.MappingAccessor.getJoinColumnsAndValidate(MappingAccessor.java:757)
	at org.eclipse.persistence.internal.jpa.metadata.accessors.mappings.MappingAccessor.getJoinColumns(MappingAccessor.java:657)
	at org.eclipse.persistence.internal.jpa.metadata.accessors.mappings.ObjectAccessor.processForeignKeyRelationship(ObjectAccessor.java:663)
	at org.eclipse.persistence.internal.jpa.metadata.accessors.mappings.ObjectAccessor.processOwningMappingKeys(ObjectAccessor.java:733)
	at org.eclipse.persistence.internal.jpa.metadata.accessors.mappings.OneToOneAccessor.process(OneToOneAccessor.java:161)
	at org.eclipse.persistence.internal.jpa.metadata.MetadataProject.processOwningRelationshipAccessors(MetadataProject.java:1580)
	at org.eclipse.persistence.internal.jpa.metadata.MetadataProject.processStage3(MetadataProject.java:1833)
	at org.eclipse.persistence.internal.jpa.metadata.MetadataProcessor.processORMMetadata(MetadataProcessor.java:580)
	at org.eclipse.persistence.internal.jpa.deployment.PersistenceUnitProcessor.processORMetadata(PersistenceUnitProcessor.java:585)
	at org.eclipse.persistence.internal.jpa.EntityManagerSetupImpl.predeploy(EntityManagerSetupImpl.java:1869)
	... 34 more
getItemsFromSeller(auction.service.ItemFromSellerTest)  Time elapsed: 0 sec  <<< ERROR!
Local Exception Stack: 
Exception [EclipseLink-30005] (Eclipse Persistence Services - 2.5.2.v20140319-9ad6abd): org.eclipse.persistence.exceptions.PersistenceUnitLoadingException
Exception Description: An exception was thrown while searching for persistence archives with ClassLoader: sun.misc.Launcher$AppClassLoader@4aa298b7
Internal Exception: javax.persistence.PersistenceException: Exception [EclipseLink-28018] (Eclipse Persistence Services - 2.5.2.v20140319-9ad6abd): org.eclipse.persistence.exceptions.EntityManagerSetupException
Exception Description: Predeployment of PersistenceUnit [nl.fhict.se42_auction_jar_1.0-SNAPSHOTPU] failed.
Internal Exception: Exception [EclipseLink-7220] (Eclipse Persistence Services - 2.5.2.v20140319-9ad6abd): org.eclipse.persistence.exceptions.ValidationException
Exception Description: The @JoinColumns on the annotated element [field item] from the entity class [class auction.domain.Bid] is incomplete. When the source entity class uses a composite primary key, a @JoinColumn must be specified for each join column using the @JoinColumns. Both the name and the referencedColumnName elements must be specified in each such @JoinColumn.
	at org.eclipse.persistence.exceptions.PersistenceUnitLoadingException.exceptionSearchingForPersistenceResources(PersistenceUnitLoadingException.java:127)
	at org.eclipse.persistence.jpa.PersistenceProvider.createEntityManagerFactoryImpl(PersistenceProvider.java:107)
	at org.eclipse.persistence.jpa.PersistenceProvider.createEntityManagerFactory(PersistenceProvider.java:177)
	at javax.persistence.Persistence.createEntityManagerFactory(Persistence.java:79)
	at javax.persistence.Persistence.createEntityManagerFactory(Persistence.java:54)
	at auction.service.ItemFromSellerTest.<init>(ItemFromSellerTest.java:18)
	at sun.reflect.NativeConstructorAccessorImpl.newInstance0(Native Method)
	at sun.reflect.NativeConstructorAccessorImpl.newInstance(NativeConstructorAccessorImpl.java:62)
	at sun.reflect.DelegatingConstructorAccessorImpl.newInstance(DelegatingConstructorAccessorImpl.java:45)
	at java.lang.reflect.Constructor.newInstance(Constructor.java:423)
	at org.junit.runners.BlockJUnit4ClassRunner.createTest(BlockJUnit4ClassRunner.java:217)
	at org.junit.runners.BlockJUnit4ClassRunner$1.runReflectiveCall(BlockJUnit4ClassRunner.java:266)
	at org.junit.internal.runners.model.ReflectiveCallable.run(ReflectiveCallable.java:12)
	at org.junit.runners.BlockJUnit4ClassRunner.methodBlock(BlockJUnit4ClassRunner.java:263)
	at org.junit.runners.BlockJUnit4ClassRunner.runChild(BlockJUnit4ClassRunner.java:78)
	at org.junit.runners.BlockJUnit4ClassRunner.runChild(BlockJUnit4ClassRunner.java:57)
	at org.junit.runners.ParentRunner$3.run(ParentRunner.java:290)
	at org.junit.runners.ParentRunner$1.schedule(ParentRunner.java:71)
	at org.junit.runners.ParentRunner.runChildren(ParentRunner.java:288)
	at org.junit.runners.ParentRunner.access$000(ParentRunner.java:58)
	at org.junit.runners.ParentRunner$2.evaluate(ParentRunner.java:268)
	at org.junit.runners.ParentRunner.run(ParentRunner.java:363)
	at org.apache.maven.surefire.junit4.JUnit4TestSet.execute(JUnit4TestSet.java:53)
	at org.apache.maven.surefire.junit4.JUnit4Provider.executeTestSet(JUnit4Provider.java:123)
	at org.apache.maven.surefire.junit4.JUnit4Provider.invoke(JUnit4Provider.java:104)
	at sun.reflect.NativeMethodAccessorImpl.invoke0(Native Method)
	at sun.reflect.NativeMethodAccessorImpl.invoke(NativeMethodAccessorImpl.java:62)
	at sun.reflect.DelegatingMethodAccessorImpl.invoke(DelegatingMethodAccessorImpl.java:43)
	at java.lang.reflect.Method.invoke(Method.java:498)
	at org.apache.maven.surefire.util.ReflectionUtils.invokeMethodWithArray(ReflectionUtils.java:164)
	at org.apache.maven.surefire.booter.ProviderFactory$ProviderProxy.invoke(ProviderFactory.java:110)
	at org.apache.maven.surefire.booter.SurefireStarter.invokeProvider(SurefireStarter.java:175)
	at org.apache.maven.surefire.booter.SurefireStarter.runSuitesInProcessWhenForked(SurefireStarter.java:107)
	at org.apache.maven.surefire.booter.ForkedBooter.main(ForkedBooter.java:68)
Caused by: javax.persistence.PersistenceException: Exception [EclipseLink-28018] (Eclipse Persistence Services - 2.5.2.v20140319-9ad6abd): org.eclipse.persistence.exceptions.EntityManagerSetupException
Exception Description: Predeployment of PersistenceUnit [nl.fhict.se42_auction_jar_1.0-SNAPSHOTPU] failed.
Internal Exception: Exception [EclipseLink-7220] (Eclipse Persistence Services - 2.5.2.v20140319-9ad6abd): org.eclipse.persistence.exceptions.ValidationException
Exception Description: The @JoinColumns on the annotated element [field item] from the entity class [class auction.domain.Bid] is incomplete. When the source entity class uses a composite primary key, a @JoinColumn must be specified for each join column using the @JoinColumns. Both the name and the referencedColumnName elements must be specified in each such @JoinColumn.
	at org.eclipse.persistence.internal.jpa.EntityManagerSetupImpl.createPredeployFailedPersistenceException(EntityManagerSetupImpl.java:1954)
	at org.eclipse.persistence.internal.jpa.EntityManagerSetupImpl.predeploy(EntityManagerSetupImpl.java:1945)
	at org.eclipse.persistence.internal.jpa.deployment.JPAInitializer.callPredeploy(JPAInitializer.java:98)
	at org.eclipse.persistence.jpa.PersistenceProvider.createEntityManagerFactoryImpl(PersistenceProvider.java:96)
	... 32 more
Caused by: Exception [EclipseLink-28018] (Eclipse Persistence Services - 2.5.2.v20140319-9ad6abd): org.eclipse.persistence.exceptions.EntityManagerSetupException
Exception Description: Predeployment of PersistenceUnit [nl.fhict.se42_auction_jar_1.0-SNAPSHOTPU] failed.
Internal Exception: Exception [EclipseLink-7220] (Eclipse Persistence Services - 2.5.2.v20140319-9ad6abd): org.eclipse.persistence.exceptions.ValidationException
Exception Description: The @JoinColumns on the annotated element [field item] from the entity class [class auction.domain.Bid] is incomplete. When the source entity class uses a composite primary key, a @JoinColumn must be specified for each join column using the @JoinColumns. Both the name and the referencedColumnName elements must be specified in each such @JoinColumn.
	at org.eclipse.persistence.exceptions.EntityManagerSetupException.predeployFailed(EntityManagerSetupException.java:230)
	... 36 more
Caused by: Exception [EclipseLink-7220] (Eclipse Persistence Services - 2.5.2.v20140319-9ad6abd): org.eclipse.persistence.exceptions.ValidationException
Exception Description: The @JoinColumns on the annotated element [field item] from the entity class [class auction.domain.Bid] is incomplete. When the source entity class uses a composite primary key, a @JoinColumn must be specified for each join column using the @JoinColumns. Both the name and the referencedColumnName elements must be specified in each such @JoinColumn.
	at org.eclipse.persistence.exceptions.ValidationException.incompleteJoinColumnsSpecified(ValidationException.java:1847)
	at org.eclipse.persistence.internal.jpa.metadata.accessors.mappings.MappingAccessor.getJoinColumnsAndValidate(MappingAccessor.java:757)
	at org.eclipse.persistence.internal.jpa.metadata.accessors.mappings.MappingAccessor.getJoinColumns(MappingAccessor.java:657)
	at org.eclipse.persistence.internal.jpa.metadata.accessors.mappings.ObjectAccessor.processForeignKeyRelationship(ObjectAccessor.java:663)
	at org.eclipse.persistence.internal.jpa.metadata.accessors.mappings.ObjectAccessor.processOwningMappingKeys(ObjectAccessor.java:733)
	at org.eclipse.persistence.internal.jpa.metadata.accessors.mappings.OneToOneAccessor.process(OneToOneAccessor.java:161)
	at org.eclipse.persistence.internal.jpa.metadata.MetadataProject.processOwningRelationshipAccessors(MetadataProject.java:1580)
	at org.eclipse.persistence.internal.jpa.metadata.MetadataProject.processStage3(MetadataProject.java:1833)
	at org.eclipse.persistence.internal.jpa.metadata.MetadataProcessor.processORMMetadata(MetadataProcessor.java:580)
	at org.eclipse.persistence.internal.jpa.deployment.PersistenceUnitProcessor.processORMetadata(PersistenceUnitProcessor.java:585)
	at org.eclipse.persistence.internal.jpa.EntityManagerSetupImpl.predeploy(EntityManagerSetupImpl.java:1869)
	... 34 more
